<?xml version="1.0" encoding="UTF-8"?>
<testsuite xmlns:xsi="http://www.w3.org/2001/XMLSchema-instance" xsi:noNamespaceSchemaLocation="https://maven.apache.org/surefire/maven-surefire-plugin/xsd/surefire-test-report.xsd" name="com.mega.city.cab.backend.service.DriverServiceImplTest" time="0.077" tests="10" errors="0" skipped="0" failures="0">
  <properties>
[...]
</properties>
  <testcase name="testGetAllDriver_Success" classname="com.mega.city.cab.backend.service.DriverServiceImplTest" time="0.051"/>
  <testcase name="testGetDriverById_Success" classname="com.mega.city.cab.backend.service.DriverServiceImplTest" time="0.002"/>
  <testcase name="testDeleteDriver_Success" classname="com.mega.city.cab.backend.service.DriverServiceImplTest" time="0.002"/>
  <testcase name="testSaveDriver_ThrowsBadCredentialsException" classname="com.mega.city.cab.backend.service.DriverServiceImplTest" time="0.002"/>
  <testcase name="testChangeStatusInDriver_Success" classname="com.mega.city.cab.backend.service.DriverServiceImplTest" time="0.003"/>
  <testcase name="testSaveDriver_Success" classname="com.mega.city.cab.backend.service.DriverServiceImplTest" time="0.004"/>
  <testcase name="testSaveDriver_ThrowsRuntimeException" classname="com.mega.city.cab.backend.service.DriverServiceImplTest" time="0.003"/>
  <testcase name="testGetRandomlyDriver_Success" classname="com.mega.city.cab.backend.service.DriverServiceImplTest" time="0.003"/>
  <testcase name="testUpdateDriver_Success" classname="com.mega.city.cab.backend.service.DriverServiceImplTest" time="0.004"/>
  <testcase name="testUpdateStatusInDriver_Success" classname="com.mega.city.cab.backend.service.DriverServiceImplTest" time="0.002"/>
</testsuite>